<?xml version="1.0" encoding="UTF-8"?>
<!-- Generated by org.testng.reporters.JUnitReportReporter -->
<testsuite skipped="0" hostname="Prohit" name="testngpack.ActiTimeLogin" tests="1" failures="0" timestamp="2022-08-23T19:10:44 IST" time="3.193" errors="0">
  <testcase name="validLoginActiTime" time="3.193" classname="testngpack.ActiTimeLogin"/>
  <system-out/>
</testsuite> <!-- testngpack.ActiTimeLogin -->
