<?xml version="1.0" encoding="UTF-8"?>
<!-- Generated by org.testng.reporters.JUnitReportReporter -->
<testsuite skipped="0" hostname="Prohit" name="takesScreenShotDynamically.BaseTest" tests="1" failures="0" timestamp="2022-08-26T18:46:59 IST" time="7.880" errors="0">
  <testcase name="initialization" time="7.880" classname="takesScreenShotDynamically.BaseTest"/>
  <system-out/>
</testsuite> <!-- takesScreenShotDynamically.BaseTest -->
