<?xml version="1.0" encoding="UTF-8"?>
<!-- Generated by org.testng.reporters.JUnitReportReporter -->
<testsuite skipped="0" hostname="Prohit" name="testngpack.Sumo" tests="1" failures="0" timestamp="2022-08-24T17:22:25 IST" time="0.001" errors="0">
  <testcase name="sumo" time="0.001" classname="testngpack.Sumo"/>
  <system-out>
    <![CDATA[method2 exectuted]]>
  </system-out>
</testsuite> <!-- testngpack.Sumo -->
