<?xml version="1.0" encoding="UTF-8"?>
<!-- Generated by org.testng.reporters.JUnitReportReporter -->
<testsuite skipped="0" hostname="Prohit" name="testngpack.Flag8" tests="1" failures="0" timestamp="2022-08-22T16:53:20 IST" time="8.213" errors="0">
  <testcase name="loginActiTime" time="8.213" classname="testngpack.Flag8"/>
  <system-out/>
</testsuite> <!-- testngpack.Flag8 -->
