<?xml version="1.0" encoding="UTF-8"?>
<!-- Generated by org.testng.reporters.JUnitReportReporter -->
<testsuite skipped="0" hostname="Prohit" name="testngpack.AnnotationIntestNg" tests="2" failures="0" timestamp="2022-08-24T17:22:26 IST" time="0.005" errors="0">
  <testcase name="f" time="0.003" classname="testngpack.AnnotationIntestNg"/>
  <system-out>
    <![CDATA[test case 1 execution]]>
  </system-out>
  <testcase name="f1" time="0.002" classname="testngpack.AnnotationIntestNg"/>
  <system-out>
    <![CDATA[test case 2 execution]]>
  </system-out>
</testsuite> <!-- testngpack.AnnotationIntestNg -->
