<?xml version="1.0" encoding="UTF-8"?>
<!-- Generated by org.testng.reporters.JUnitReportReporter -->
<testsuite skipped="0" hostname="Prohit" name="testngpack.Remo" tests="1" failures="0" timestamp="2022-08-24T17:22:26 IST" time="0.000" errors="0">
  <testcase name="remo" time="0.000" classname="testngpack.Remo"/>
  <system-out>
    <![CDATA[method3 executed]]>
  </system-out>
</testsuite> <!-- testngpack.Remo -->
