<?xml version="1.0" encoding="UTF-8"?>
<!-- Generated by org.testng.reporters.JUnitReportReporter -->
<testsuite skipped="0" hostname="Prohit" name="parameterized.NewTest" tests="2" failures="0" timestamp="2022-08-22T18:08:10 IST" time="0.013" errors="0">
  <testcase name="test1" time="0.009" classname="parameterized.NewTest"/>
  <system-out>
    <![CDATA[test1 method]]>
  </system-out>
  <testcase name="test2" time="0.004" classname="parameterized.NewTest"/>
  <system-out>
    <![CDATA[test2 method]]>
  </system-out>
</testsuite> <!-- parameterized.NewTest -->
