<?xml version="1.0" encoding="UTF-8"?>
<!-- Generated by org.testng.reporters.JUnitReportReporter -->
<testsuite skipped="0" hostname="Prohit" name="testngpack.TestActiTime1" tests="2" failures="0" timestamp="2022-08-24T17:22:25 IST" time="10.930" errors="0">
  <testcase name="logintoActiTime" time="2.406" classname="testngpack.TestActiTime1"/>
  <system-out/>
  <testcase name="actiTimeLogout" time="8.524" classname="testngpack.TestActiTime1"/>
  <system-out/>
</testsuite> <!-- testngpack.TestActiTime1 -->
