<?xml version="1.0" encoding="UTF-8"?>
<!-- Generated by org.testng.reporters.JUnitReportReporter -->
<testsuite skipped="0" hostname="Prohit" name="testngpack.TestMethod" tests="2" failures="0" timestamp="2022-08-24T17:22:26 IST" time="0.003" errors="0">
  <testcase name="method1" time="0.002" classname="testngpack.TestMethod"/>
  <system-out>
    <![CDATA[method11]]>
  </system-out>
  <testcase name="method2" time="0.001" classname="testngpack.TestMethod"/>
  <system-out>
    <![CDATA[method21]]>
  </system-out>
</testsuite> <!-- testngpack.TestMethod -->
