<?xml version="1.0" encoding="UTF-8"?>
<!-- Generated by org.testng.reporters.JUnitReportReporter -->
<testsuite skipped="0" hostname="Prohit" name="takesScreenShotDynamically.CustomListner" tests="1" failures="0" timestamp="2022-08-26T18:07:03 IST" time="31.404" errors="0">
  <testcase name="initialization" time="31.404" classname="takesScreenShotDynamically.CustomListner"/>
  <system-out/>
</testsuite> <!-- takesScreenShotDynamically.CustomListner -->
