<?xml version="1.0" encoding="UTF-8"?>
<!-- Generated by org.testng.reporters.JUnitReportReporter -->
<testsuite skipped="0" hostname="Prohit" name="testngpack.Flag1" tests="2" failures="0" timestamp="2022-08-24T17:22:26 IST" time="0.003" errors="0">
  <testcase name="vaildActiTimeTest" time="0.001" classname="testngpack.Flag1"/>
  <system-out>
    <![CDATA[vaild login is performed]]>
  </system-out>
  <testcase name="invaildActiTimeTest" time="0.002" classname="testngpack.Flag1"/>
  <system-out>
    <![CDATA[invaild login is performed]]>
  </system-out>
</testsuite> <!-- testngpack.Flag1 -->
