<?xml version="1.0" encoding="UTF-8"?>
<!-- Generated by org.testng.reporters.JUnitReportReporter -->
<testsuite skipped="0" hostname="Prohit" name="testngpack.DataPrivider" tests="5" failures="0" timestamp="2022-08-27T16:54:12 IST" time="13.348" errors="0">
  <testcase name="f" time="2.381" classname="testngpack.DataPrivider"/>
  <system-out/>
  <testcase name="f" time="2.367" classname="testngpack.DataPrivider"/>
  <system-out/>
  <testcase name="f" time="3.803" classname="testngpack.DataPrivider"/>
  <system-out/>
  <testcase name="f" time="2.392" classname="testngpack.DataPrivider"/>
  <system-out/>
  <testcase name="f" time="2.405" classname="testngpack.DataPrivider"/>
  <system-out/>
</testsuite> <!-- testngpack.DataPrivider -->
