<?xml version="1.0" encoding="UTF-8"?>
<!-- Generated by org.testng.reporters.JUnitReportReporter -->
<testsuite skipped="0" hostname="Prohit" name="testngpack.Class1" tests="1" failures="0" timestamp="2022-08-24T17:26:00 IST" time="3.408" errors="0">
  <testcase name="f" time="3.408" classname="testngpack.Class1"/>
  <system-out/>
</testsuite> <!-- testngpack.Class1 -->
